<?xml version="1.0" encoding="UTF-8"?>
<robot generator="Robot 3.1.2 (Python 3.7.2 on win32)" generated="20200312 13:07:24.049" rpa="false">
<suite id="s1" name="TestSuite1" source="C:\Users\Mahesha\eclipse-workspace\robot\RobotProject1\test\TestSuite1.robot">
<kw name="Log" library="BuiltIn" type="setup">
<doc>Logs the given message with the given level.</doc>
<arguments>
<arg>I am inside Test Suite Setup</arg>
</arguments>
<msg timestamp="20200312 13:07:24.286" level="INFO">I am inside Test Suite Setup</msg>
<status status="PASS" starttime="20200312 13:07:24.286" endtime="20200312 13:07:24.286"></status>
</kw>
<test id="s1-t1" name="FirstSeleniumTest">
<kw name="Log" library="BuiltIn" type="setup">
<doc>Logs the given message with the given level.</doc>
<arguments>
<arg>I am inside Test Case Setup</arg>
</arguments>
<msg timestamp="20200312 13:07:24.287" level="INFO">I am inside Test Case Setup</msg>
<status status="PASS" starttime="20200312 13:07:24.287" endtime="20200312 13:07:24.287"></status>
</kw>
<kw name="Open Browser" library="SeleniumLibrary">
<doc>Opens a new browser instance to the optional ``url``.</doc>
<arguments>
<arg>https://google.com</arg>
<arg>chrome</arg>
</arguments>
<msg timestamp="20200312 13:07:24.288" level="INFO">Opening browser 'chrome' to base url 'https://google.com'.</msg>
<status status="PASS" starttime="20200312 13:07:24.288" endtime="20200312 13:07:30.911"></status>
</kw>
<kw name="Set Browser Implicit Wait" library="SeleniumLibrary">
<doc>Sets the implicit wait value used by Selenium.</doc>
<arguments>
<arg>5</arg>
</arguments>
<status status="PASS" starttime="20200312 13:07:30.911" endtime="20200312 13:07:30.913"></status>
</kw>
<kw name="Input Text" library="SeleniumLibrary">
<doc>Types the given ``text`` into the text field identified by ``locator``.</doc>
<arguments>
<arg>name=q</arg>
<arg>Automation step by step</arg>
</arguments>
<msg timestamp="20200312 13:07:30.913" level="INFO">Typing text 'Automation step by step' into text field 'name=q'.</msg>
<status status="PASS" starttime="20200312 13:07:30.913" endtime="20200312 13:07:31.102"></status>
</kw>
<kw name="Press Keys" library="SeleniumLibrary">
<doc>Simulates the user pressing key(s) to an element or on the active browser.</doc>
<arguments>
<arg>name=q</arg>
<arg>ENTER</arg>
</arguments>
<msg timestamp="20200312 13:07:31.105" level="INFO">Sending key(s) ('ENTER',) to name=q element.</msg>
<msg timestamp="20200312 13:07:31.134" level="INFO">Pressing special key ENTER to element.</msg>
<msg timestamp="20200312 13:07:31.134" level="INFO">Releasing special key ENTER.</msg>
<status status="PASS" starttime="20200312 13:07:31.104" endtime="20200312 13:07:32.989"></status>
</kw>
<kw name="Sleep" library="BuiltIn">
<doc>Pauses the test executed for the given time.</doc>
<arguments>
<arg>2</arg>
</arguments>
<msg timestamp="20200312 13:07:34.993" level="INFO">Slept 2 seconds</msg>
<status status="PASS" starttime="20200312 13:07:32.992" endtime="20200312 13:07:34.993"></status>
</kw>
<kw name="Close Browser" library="SeleniumLibrary">
<doc>Closes the current browser.</doc>
<status status="PASS" starttime="20200312 13:07:34.994" endtime="20200312 13:07:37.158"></status>
</kw>
<kw name="Log" library="BuiltIn">
<doc>Logs the given message with the given level.</doc>
<arguments>
<arg>Test completed</arg>
</arguments>
<msg timestamp="20200312 13:07:37.161" level="INFO">Test completed</msg>
<status status="PASS" starttime="20200312 13:07:37.161" endtime="20200312 13:07:37.161"></status>
</kw>
<kw name="Set Tags" library="BuiltIn">
<doc>Adds given ``tags`` for the current test or all tests in a suite.</doc>
<arguments>
<arg>Regression Test</arg>
</arguments>
<msg timestamp="20200312 13:07:37.163" level="INFO">Set tag 'Regression Test'.</msg>
<status status="PASS" starttime="20200312 13:07:37.162" endtime="20200312 13:07:37.164"></status>
</kw>
<kw name="Log" library="BuiltIn" type="teardown">
<doc>Logs the given message with the given level.</doc>
<arguments>
<arg>I am inside Test Case TearDown</arg>
</arguments>
<msg timestamp="20200312 13:07:37.166" level="INFO">I am inside Test Case TearDown</msg>
<status status="PASS" starttime="20200312 13:07:37.166" endtime="20200312 13:07:37.167"></status>
</kw>
<tags>
<tag>Regression Test</tag>
<tag>Sanity Test</tag>
</tags>
<status status="PASS" starttime="20200312 13:07:24.287" endtime="20200312 13:07:37.167" critical="yes"></status>
</test>
<kw name="Log" library="BuiltIn" type="teardown">
<doc>Logs the given message with the given level.</doc>
<arguments>
<arg>I am inside Test Suite TearDown</arg>
</arguments>
<msg timestamp="20200312 13:07:37.176" level="INFO">I am inside Test Suite TearDown</msg>
<status status="PASS" starttime="20200312 13:07:37.175" endtime="20200312 13:07:37.176"></status>
</kw>
<status status="PASS" starttime="20200312 13:07:24.050" endtime="20200312 13:07:37.176"></status>
</suite>
<statistics>
<total>
<stat pass="1" fail="0">Critical Tests</stat>
<stat pass="1" fail="0">All Tests</stat>
</total>
<tag>
<stat pass="1" fail="0">Regression Test</stat>
<stat pass="1" fail="0">Sanity Test</stat>
</tag>
<suite>
<stat pass="1" fail="0" id="s1" name="TestSuite1">TestSuite1</stat>
</suite>
</statistics>
<errors>
</errors>
</robot>
